# JRE version: Java(TM) SE Runtime Environment (8.0_131-b11) (build 1.8.0_131-b11)
# Java VM: Java HotSpot(TM) 64-Bit Server VM (25.131-b11 mixed mode windows-amd64 compressed oops)
Heap:
 PSYoungGen      total 70656K, used 61595K [0x0000000792700000, 0x0000000798900000, 0x00000007c0000000)
  eden space 65536K, 93% used [0x0000000792700000,0x0000000796326ee8,0x0000000796700000)
  from space 5120K, 0% used [0x0000000796700000,0x0000000796700000,0x0000000796c00000)
  to   space 5120K, 0% used [0x0000000798400000,0x0000000798400000,0x0000000798900000)
 ParOldGen       total 165888K, used 44890K [0x0000000737400000, 0x0000000741600000, 0x0000000792700000)
  object space 165888K, 27% used [0x0000000737400000,0x0000000739fd69f8,0x0000000741600000)
 Metaspace       used 28118K, capacity 29162K, committed 29312K, reserved 1075200K
  class space    used 3947K, capacity 4126K, committed 4224K, reserved 1048576K
GC Heap History (10 events):
Event: 3.341 GC heap before
{Heap before GC invocations=1 (full 0):
 PSYoungGen      total 37888K, used 32768K [0x0000000792700000, 0x0000000795100000, 0x00000007c0000000)
  eden space 32768K, 100% used [0x0000000792700000,0x0000000794700000,0x0000000794700000)
  from space 5120K, 0% used [0x0000000794c00000,0x0000000794c00000,0x0000000795100000)
  to   space 5120K, 0% used [0x0000000794700000,0x0000000794700000,0x0000000794c00000)
 ParOldGen       total 86016K, used 0K [0x0000000737400000, 0x000000073c800000, 0x0000000792700000)
  object space 86016K, 0% used [0x0000000737400000,0x0000000737400000,0x000000073c800000)
 Metaspace       used 17188K, capacity 17436K, committed 17792K, reserved 1064960K
  class space    used 2245K, capacity 2343K, committed 2432K, reserved 1048576K
Event: 3.411 GC heap after
Heap after GC invocations=1 (full 0):
 PSYoungGen      total 37888K, used 5098K [0x0000000792700000, 0x0000000797100000, 0x00000007c0000000)
  eden space 32768K, 0% used [0x0000000792700000,0x0000000792700000,0x0000000794700000)
  from space 5120K, 99% used [0x0000000794700000,0x0000000794bfa880,0x0000000794c00000)
  to   space 5120K, 0% used [0x0000000796c00000,0x0000000796c00000,0x0000000797100000)
 ParOldGen       total 86016K, used 1883K [0x0000000737400000, 0x000000073c800000, 0x0000000792700000)
  object space 86016K, 2% used [0x0000000737400000,0x00000007375d6d80,0x000000073c800000)
 Metaspace       used 17188K, capacity 17436K, committed 17792K, reserved 1064960K
  class space    used 2245K, capacity 2343K, committed 2432K, reserved 1048576K
}
Event: 4.914 GC heap before
{Heap before GC invocations=2 (full 0):
 PSYoungGen      total 37888K, used 33635K [0x0000000792700000, 0x0000000797100000, 0x00000007c0000000)
  eden space 32768K, 87% used [0x0000000792700000,0x00000007942de508,0x0000000794700000)
  from space 5120K, 99% used [0x0000000794700000,0x0000000794bfa880,0x0000000794c00000)
  to   space 5120K, 0% used [0x0000000796c00000,0x0000000796c00000,0x0000000797100000)
 ParOldGen       total 86016K, used 1883K [0x0000000737400000, 0x000000073c800000, 0x0000000792700000)
  object space 86016K, 2% used [0x0000000737400000,0x00000007375d6d80,0x000000073c800000)
 Metaspace       used 20812K, capacity 21034K, committed 21296K, reserved 1067008K
  class space    used 2724K, capacity 2834K, committed 2944K, reserved 1048576K
Event: 4.925 GC heap after
Heap after GC invocations=2 (full 0):
 PSYoungGen      total 70656K, used 5090K [0x0000000792700000, 0x0000000797100000, 0x00000007c0000000)
  eden space 65536K, 0% used [0x0000000792700000,0x0000000792700000,0x0000000796700000)
  from space 5120K, 99% used [0x0000000796c00000,0x00000007970f8958,0x0000000797100000)
  to   space 5120K, 0% used [0x0000000796700000,0x0000000796700000,0x0000000796c00000)
 ParOldGen       total 86016K, used 8360K [0x0000000737400000, 0x000000073c800000, 0x0000000792700000)
  object space 86016K, 9% used [0x0000000737400000,0x0000000737c2a370,0x000000073c800000)
 Metaspace       used 20812K, capacity 21034K, committed 21296K, reserved 1067008K
  class space    used 2724K, capacity 2834K, committed 2944K, reserved 1048576K
}
Event: 4.925 GC heap before
{Heap before GC invocations=3 (full 1):
 PSYoungGen      total 70656K, used 5090K [0x0000000792700000, 0x0000000797100000, 0x00000007c0000000)
  eden space 65536K, 0% used [0x0000000792700000,0x0000000792700000,0x0000000796700000)
  from space 5120K, 99% used [0x0000000796c00000,0x00000007970f8958,0x0000000797100000)
  to   space 5120K, 0% used [0x0000000796700000,0x0000000796700000,0x0000000796c00000)
 ParOldGen       total 86016K, used 8360K [0x0000000737400000, 0x000000073c800000, 0x0000000792700000)
  object space 86016K, 9% used [0x0000000737400000,0x0000000737c2a370,0x000000073c800000)
 Metaspace       used 20812K, capacity 21034K, committed 21296K, reserved 1067008K
  class space    used 2724K, capacity 2834K, committed 2944K, reserved 1048576K
Event: 5.017 GC heap after
Heap after GC invocations=3 (full 1):
 PSYoungGen      total 70656K, used 0K [0x0000000792700000, 0x0000000797100000, 0x00000007c0000000)
  eden space 65536K, 0% used [0x0000000792700000,0x0000000792700000,0x0000000796700000)
  from space 5120K, 0% used [0x0000000796c00000,0x0000000796c00000,0x0000000797100000)
  to   space 5120K, 0% used [0x0000000796700000,0x0000000796700000,0x0000000796c00000)
 ParOldGen       total 71168K, used 11387K [0x0000000737400000, 0x000000073b980000, 0x0000000792700000)
  object space 71168K, 16% used [0x0000000737400000,0x0000000737f1ecb0,0x000000073b980000)
 Metaspace       used 20812K, capacity 21034K, committed 21296K, reserved 1067008K
  class space    used 2724K, capacity 2834K, committed 2944K, reserved 1048576K
}
Event: 10.080 GC heap before
{Heap before GC invocations=4 (full 1):
 PSYoungGen      total 70656K, used 65484K [0x0000000792700000, 0x0000000797100000, 0x00000007c0000000)
  eden space 65536K, 99% used [0x0000000792700000,0x00000007966f31c8,0x0000000796700000)
  from space 5120K, 0% used [0x0000000796c00000,0x0000000796c00000,0x0000000797100000)
  to   space 5120K, 0% used [0x0000000796700000,0x0000000796700000,0x0000000796c00000)
 ParOldGen       total 71168K, used 11387K [0x0000000737400000, 0x000000073b980000, 0x0000000792700000)
  object space 71168K, 16% used [0x0000000737400000,0x0000000737f1ecb0,0x000000073b980000)
 Metaspace       used 25244K, capacity 25980K, committed 26240K, reserved 1071104K
  class space    used 3466K, capacity 3605K, committed 3712K, reserved 1048576K
Event: 10.107 GC heap after
Heap after GC invocations=4 (full 1):
 PSYoungGen      total 70656K, used 5088K [0x0000000792700000, 0x0000000798900000, 0x00000007c0000000)
  eden space 65536K, 0% used [0x0000000792700000,0x0000000792700000,0x0000000796700000)
  from space 5120K, 99% used [0x0000000796700000,0x0000000796bf82b0,0x0000000796c00000)
  to   space 5120K, 0% used [0x0000000798400000,0x0000000798400000,0x0000000798900000)
 ParOldGen       total 71168K, used 42256K [0x0000000737400000, 0x000000073b980000, 0x0000000792700000)
  object space 71168K, 59% used [0x0000000737400000,0x0000000739d44358,0x000000073b980000)
 Metaspace       used 25244K, capacity 25980K, committed 26240K, reserved 1071104K
  class space    used 3466K, capacity 3605K, committed 3712K, reserved 1048576K
}
Event: 10.107 GC heap before
{Heap before GC invocations=5 (full 2):
 PSYoungGen      total 70656K, used 5088K [0x0000000792700000, 0x0000000798900000, 0x00000007c0000000)
  eden space 65536K, 0% used [0x0000000792700000,0x0000000792700000,0x0000000796700000)
  from space 5120K, 99% used [0x0000000796700000,0x0000000796bf82b0,0x0000000796c00000)
  to   space 5120K, 0% used [0x0000000798400000,0x0000000798400000,0x0000000798900000)
 ParOldGen       total 71168K, used 42256K [0x0000000737400000, 0x000000073b980000, 0x0000000792700000)
  object space 71168K, 59% used [0x0000000737400000,0x0000000739d44358,0x000000073b980000)
 Metaspace       used 25244K, capacity 25980K, committed 26240K, reserved 1071104K
  class space    used 3466K, capacity 3605K, committed 3712K, reserved 1048576K
Event: 10.268 GC heap after
Heap after GC invocations=5 (full 2):
 PSYoungGen      total 70656K, used 0K [0x0000000792700000, 0x0000000798900000, 0x00000007c0000000)
  eden space 65536K, 0% used [0x0000000792700000,0x0000000792700000,0x0000000796700000)
  from space 5120K, 0% used [0x0000000796700000,0x0000000796700000,0x0000000796c00000)
  to   space 5120K, 0% used [0x0000000798400000,0x0000000798400000,0x0000000798900000)
 ParOldGen       total 165888K, used 44890K [0x0000000737400000, 0x0000000741600000, 0x0000000792700000)
  object space 165888K, 27% used [0x0000000737400000,0x0000000739fd69f8,0x0000000741600000)
 Metaspace       used 25244K, capacity 25980K, committed 26240K, reserved 1071104K
  class space    used 3466K, capacity 3605K, committed 3712K, reserved 1048576K
}

