# JRE version: Java(TM) SE Runtime Environment (8.0_131-b11) (build 1.8.0_131-b11)
# Java VM: Java HotSpot(TM) 64-Bit Server VM (25.131-b11 mixed mode windows-amd64 compressed oops)
Heap:
 PSYoungGen      total 37888K, used 18442K [0x0000000794a00000, 0x0000000798100000, 0x00000007c0000000)
  eden space 32768K, 40% used [0x0000000794a00000,0x000000079570a6d0,0x0000000796a00000)
  from space 5120K, 99% used [0x0000000796a00000,0x0000000796ef8420,0x0000000796f00000)
  to   space 5120K, 0% used [0x0000000797c00000,0x0000000797c00000,0x0000000798100000)
 ParOldGen       total 70144K, used 17066K [0x000000073de00000, 0x0000000742280000, 0x0000000794a00000)
  object space 70144K, 24% used [0x000000073de00000,0x000000073eeaa9c0,0x0000000742280000)
 Metaspace       used 25083K, capacity 25824K, committed 25856K, reserved 1071104K
  class space    used 3448K, capacity 3573K, committed 3584K, reserved 1048576K
GC Heap History (8 events):
Event: 6.126 GC heap before
{Heap before GC invocations=1 (full 0):
 PSYoungGen      total 37888K, used 32768K [0x0000000794a00000, 0x0000000797400000, 0x00000007c0000000)
  eden space 32768K, 100% used [0x0000000794a00000,0x0000000796a00000,0x0000000796a00000)
  from space 5120K, 0% used [0x0000000796f00000,0x0000000796f00000,0x0000000797400000)
  to   space 5120K, 0% used [0x0000000796a00000,0x0000000796a00000,0x0000000796f00000)
 ParOldGen       total 86016K, used 0K [0x000000073de00000, 0x0000000743200000, 0x0000000794a00000)
  object space 86016K, 0% used [0x000000073de00000,0x000000073de00000,0x0000000743200000)
 Metaspace       used 17105K, capacity 17372K, committed 17792K, reserved 1064960K
  class space    used 2240K, capacity 2343K, committed 2432K, reserved 1048576K
Event: 6.135 GC heap after
Heap after GC invocations=1 (full 0):
 PSYoungGen      total 37888K, used 5091K [0x0000000794a00000, 0x0000000797400000, 0x00000007c0000000)
  eden space 32768K, 0% used [0x0000000794a00000,0x0000000794a00000,0x0000000796a00000)
  from space 5120K, 99% used [0x0000000796a00000,0x0000000796ef8cf8,0x0000000796f00000)
  to   space 5120K, 0% used [0x0000000796f00000,0x0000000796f00000,0x0000000797400000)
 ParOldGen       total 86016K, used 1846K [0x000000073de00000, 0x0000000743200000, 0x0000000794a00000)
  object space 86016K, 2% used [0x000000073de00000,0x000000073dfcd9f8,0x0000000743200000)
 Metaspace       used 17105K, capacity 17372K, committed 17792K, reserved 1064960K
  class space    used 2240K, capacity 2343K, committed 2432K, reserved 1048576K
}
Event: 6.978 GC heap before
{Heap before GC invocations=2 (full 0):
 PSYoungGen      total 37888K, used 32221K [0x0000000794a00000, 0x0000000797400000, 0x00000007c0000000)
  eden space 32768K, 82% used [0x0000000794a00000,0x000000079647e960,0x0000000796a00000)
  from space 5120K, 99% used [0x0000000796a00000,0x0000000796ef8cf8,0x0000000796f00000)
  to   space 5120K, 0% used [0x0000000796f00000,0x0000000796f00000,0x0000000797400000)
 ParOldGen       total 86016K, used 1846K [0x000000073de00000, 0x0000000743200000, 0x0000000794a00000)
  object space 86016K, 2% used [0x000000073de00000,0x000000073dfcd9f8,0x0000000743200000)
 Metaspace       used 20773K, capacity 21034K, committed 21296K, reserved 1067008K
  class space    used 2726K, capacity 2834K, committed 2944K, reserved 1048576K
Event: 6.991 GC heap after
Heap after GC invocations=2 (full 0):
 PSYoungGen      total 37888K, used 5109K [0x0000000794a00000, 0x0000000797400000, 0x00000007c0000000)
  eden space 32768K, 0% used [0x0000000794a00000,0x0000000794a00000,0x0000000796a00000)
  from space 5120K, 99% used [0x0000000796f00000,0x00000007973fd7c0,0x0000000797400000)
  to   space 5120K, 0% used [0x0000000796a00000,0x0000000796a00000,0x0000000796f00000)
 ParOldGen       total 86016K, used 8466K [0x000000073de00000, 0x0000000743200000, 0x0000000794a00000)
  object space 86016K, 9% used [0x000000073de00000,0x000000073e644a50,0x0000000743200000)
 Metaspace       used 20773K, capacity 21034K, committed 21296K, reserved 1067008K
  class space    used 2726K, capacity 2834K, committed 2944K, reserved 1048576K
}
Event: 6.991 GC heap before
{Heap before GC invocations=3 (full 1):
 PSYoungGen      total 37888K, used 5109K [0x0000000794a00000, 0x0000000797400000, 0x00000007c0000000)
  eden space 32768K, 0% used [0x0000000794a00000,0x0000000794a00000,0x0000000796a00000)
  from space 5120K, 99% used [0x0000000796f00000,0x00000007973fd7c0,0x0000000797400000)
  to   space 5120K, 0% used [0x0000000796a00000,0x0000000796a00000,0x0000000796f00000)
 ParOldGen       total 86016K, used 8466K [0x000000073de00000, 0x0000000743200000, 0x0000000794a00000)
  object space 86016K, 9% used [0x000000073de00000,0x000000073e644a50,0x0000000743200000)
 Metaspace       used 20773K, capacity 21034K, committed 21296K, reserved 1067008K
  class space    used 2726K, capacity 2834K, committed 2944K, reserved 1048576K
Event: 7.058 GC heap after
Heap after GC invocations=3 (full 1):
 PSYoungGen      total 37888K, used 0K [0x0000000794a00000, 0x0000000797400000, 0x00000007c0000000)
  eden space 32768K, 0% used [0x0000000794a00000,0x0000000794a00000,0x0000000796a00000)
  from space 5120K, 0% used [0x0000000796f00000,0x0000000796f00000,0x0000000797400000)
  to   space 5120K, 0% used [0x0000000796a00000,0x0000000796a00000,0x0000000796f00000)
 ParOldGen       total 70144K, used 11467K [0x000000073de00000, 0x0000000742280000, 0x0000000794a00000)
  object space 70144K, 16% used [0x000000073de00000,0x000000073e932fa8,0x0000000742280000)
 Metaspace       used 20773K, capacity 21034K, committed 21296K, reserved 1067008K
  class space    used 2726K, capacity 2834K, committed 2944K, reserved 1048576K
}
Event: 10.212 GC heap before
{Heap before GC invocations=4 (full 1):
 PSYoungGen      total 37888K, used 32768K [0x0000000794a00000, 0x0000000797400000, 0x00000007c0000000)
  eden space 32768K, 100% used [0x0000000794a00000,0x0000000796a00000,0x0000000796a00000)
  from space 5120K, 0% used [0x0000000796f00000,0x0000000796f00000,0x0000000797400000)
  to   space 5120K, 0% used [0x0000000796a00000,0x0000000796a00000,0x0000000796f00000)
 ParOldGen       total 70144K, used 11467K [0x000000073de00000, 0x0000000742280000, 0x0000000794a00000)
  object space 70144K, 16% used [0x000000073de00000,0x000000073e932fa8,0x0000000742280000)
 Metaspace       used 23043K, capacity 23542K, committed 23808K, reserved 1069056K
  class space    used 3091K, capacity 3224K, committed 3328K, reserved 1048576K
Event: 10.221 GC heap after
Heap after GC invocations=4 (full 1):
 PSYoungGen      total 37888K, used 5089K [0x0000000794a00000, 0x0000000798100000, 0x00000007c0000000)
  eden space 32768K, 0% used [0x0000000794a00000,0x0000000794a00000,0x0000000796a00000)
  from space 5120K, 99% used [0x0000000796a00000,0x0000000796ef8420,0x0000000796f00000)
  to   space 5120K, 0% used [0x0000000797c00000,0x0000000797c00000,0x0000000798100000)
 ParOldGen       total 70144K, used 17066K [0x000000073de00000, 0x0000000742280000, 0x0000000794a00000)
  object space 70144K, 24% used [0x000000073de00000,0x000000073eeaa9c0,0x0000000742280000)
 Metaspace       used 23043K, capacity 23542K, committed 23808K, reserved 1069056K
  class space    used 3091K, capacity 3224K, committed 3328K, reserved 1048576K
}

