# JRE version: Java(TM) SE Runtime Environment (8.0_131-b11) (build 1.8.0_131-b11)
# Java VM: Java HotSpot(TM) 64-Bit Server VM (25.131-b11 mixed mode windows-amd64 compressed oops)
Heap:
 PSYoungGen      total 51200K, used 39114K [0x0000000782f80000, 0x0000000786780000, 0x00000007c0000000)
  eden space 46080K, 84% used [0x0000000782f80000,0x00000007855b2a50,0x0000000785c80000)
  from space 5120K, 0% used [0x0000000785c80000,0x0000000785c80000,0x0000000786180000)
  to   space 5120K, 0% used [0x0000000786180000,0x0000000786180000,0x0000000786680000)
 ParOldGen       total 75264K, used 74411K [0x0000000708e00000, 0x000000070d780000, 0x0000000782f80000)
  object space 75264K, 98% used [0x0000000708e00000,0x000000070d6aad48,0x000000070d780000)
 Metaspace       used 29520K, capacity 30560K, committed 30720K, reserved 1075200K
  class space    used 4091K, capacity 4289K, committed 4352K, reserved 1048576K
GC Heap History (10 events):
Event: 5.975 GC heap before
{Heap before GC invocations=3 (full 1):
 PSYoungGen      total 37888K, used 5093K [0x0000000782f80000, 0x0000000787980000, 0x00000007c0000000)
  eden space 32768K, 0% used [0x0000000782f80000,0x0000000782f80000,0x0000000784f80000)
  from space 5120K, 99% used [0x0000000785480000,0x0000000785979430,0x0000000785980000)
  to   space 5120K, 0% used [0x0000000784f80000,0x0000000784f80000,0x0000000785480000)
 ParOldGen       total 86016K, used 8734K [0x0000000708e00000, 0x000000070e200000, 0x0000000782f80000)
  object space 86016K, 10% used [0x0000000708e00000,0x0000000709687a10,0x000000070e200000)
 Metaspace       used 20784K, capacity 21034K, committed 21296K, reserved 1067008K
  class space    used 2723K, capacity 2834K, committed 2944K, reserved 1048576K
Event: 6.067 GC heap after
Heap after GC invocations=3 (full 1):
 PSYoungGen      total 37888K, used 0K [0x0000000782f80000, 0x0000000787980000, 0x00000007c0000000)
  eden space 32768K, 0% used [0x0000000782f80000,0x0000000782f80000,0x0000000784f80000)
  from space 5120K, 0% used [0x0000000785480000,0x0000000785480000,0x0000000785980000)
  to   space 5120K, 0% used [0x0000000784f80000,0x0000000784f80000,0x0000000785480000)
 ParOldGen       total 72704K, used 11756K [0x0000000708e00000, 0x000000070d500000, 0x0000000782f80000)
  object space 72704K, 16% used [0x0000000708e00000,0x000000070997b310,0x000000070d500000)
 Metaspace       used 20784K, capacity 21034K, committed 21296K, reserved 1067008K
  class space    used 2723K, capacity 2834K, committed 2944K, reserved 1048576K
}
Event: 8.047 GC heap before
{Heap before GC invocations=4 (full 1):
 PSYoungGen      total 37888K, used 32768K [0x0000000782f80000, 0x0000000787980000, 0x00000007c0000000)
  eden space 32768K, 100% used [0x0000000782f80000,0x0000000784f80000,0x0000000784f80000)
  from space 5120K, 0% used [0x0000000785480000,0x0000000785480000,0x0000000785980000)
  to   space 5120K, 0% used [0x0000000784f80000,0x0000000784f80000,0x0000000785480000)
 ParOldGen       total 72704K, used 11756K [0x0000000708e00000, 0x000000070d500000, 0x0000000782f80000)
  object space 72704K, 16% used [0x0000000708e00000,0x000000070997b310,0x000000070d500000)
 Metaspace       used 23420K, capacity 24082K, committed 24320K, reserved 1071104K
  class space    used 3136K, capacity 3276K, committed 3328K, reserved 1048576K
Event: 8.066 GC heap after
Heap after GC invocations=4 (full 1):
 PSYoungGen      total 37888K, used 5089K [0x0000000782f80000, 0x0000000786680000, 0x00000007c0000000)
  eden space 32768K, 0% used [0x0000000782f80000,0x0000000782f80000,0x0000000784f80000)
  from space 5120K, 99% used [0x0000000784f80000,0x0000000785478420,0x0000000785480000)
  to   space 5120K, 0% used [0x0000000786180000,0x0000000786180000,0x0000000786680000)
 ParOldGen       total 72704K, used 15614K [0x0000000708e00000, 0x000000070d500000, 0x0000000782f80000)
  object space 72704K, 21% used [0x0000000708e00000,0x0000000709d3fa58,0x000000070d500000)
 Metaspace       used 23420K, capacity 24082K, committed 24320K, reserved 1071104K
  class space    used 3136K, capacity 3276K, committed 3328K, reserved 1048576K
}
Event: 9.416 GC heap before
{Heap before GC invocations=5 (full 1):
 PSYoungGen      total 37888K, used 37196K [0x0000000782f80000, 0x0000000786680000, 0x00000007c0000000)
  eden space 32768K, 97% used [0x0000000782f80000,0x0000000784edaec0,0x0000000784f80000)
  from space 5120K, 99% used [0x0000000784f80000,0x0000000785478420,0x0000000785480000)
  to   space 5120K, 0% used [0x0000000786180000,0x0000000786180000,0x0000000786680000)
 ParOldGen       total 72704K, used 15614K [0x0000000708e00000, 0x000000070d500000, 0x0000000782f80000)
  object space 72704K, 21% used [0x0000000708e00000,0x0000000709d3fa58,0x000000070d500000)
 Metaspace       used 25230K, capacity 25980K, committed 26240K, reserved 1071104K
  class space    used 3464K, capacity 3605K, committed 3712K, reserved 1048576K
Event: 9.439 GC heap after
Heap after GC invocations=5 (full 1):
 PSYoungGen      total 51200K, used 5112K [0x0000000782f80000, 0x0000000786780000, 0x00000007c0000000)
  eden space 46080K, 0% used [0x0000000782f80000,0x0000000782f80000,0x0000000785c80000)
  from space 5120K, 99% used [0x0000000786180000,0x000000078667e248,0x0000000786680000)
  to   space 5120K, 0% used [0x0000000785c80000,0x0000000785c80000,0x0000000786180000)
 ParOldGen       total 72704K, used 37907K [0x0000000708e00000, 0x000000070d500000, 0x0000000782f80000)
  object space 72704K, 52% used [0x0000000708e00000,0x000000070b304c10,0x000000070d500000)
 Metaspace       used 25230K, capacity 25980K, committed 26240K, reserved 1071104K
  class space    used 3464K, capacity 3605K, committed 3712K, reserved 1048576K
}
Event: 10.396 GC heap before
{Heap before GC invocations=6 (full 1):
 PSYoungGen      total 51200K, used 51192K [0x0000000782f80000, 0x0000000786780000, 0x00000007c0000000)
  eden space 46080K, 100% used [0x0000000782f80000,0x0000000785c80000,0x0000000785c80000)
  from space 5120K, 99% used [0x0000000786180000,0x000000078667e248,0x0000000786680000)
  to   space 5120K, 0% used [0x0000000785c80000,0x0000000785c80000,0x0000000786180000)
 ParOldGen       total 72704K, used 37907K [0x0000000708e00000, 0x000000070d500000, 0x0000000782f80000)
  object space 72704K, 52% used [0x0000000708e00000,0x000000070b304c10,0x000000070d500000)
 Metaspace       used 26880K, capacity 27796K, committed 28032K, reserved 1073152K
  class space    used 3756K, capacity 3925K, committed 3968K, reserved 1048576K
Event: 10.419 GC heap after
Heap after GC invocations=6 (full 1):
 PSYoungGen      total 51200K, used 5088K [0x0000000782f80000, 0x0000000786780000, 0x00000007c0000000)
  eden space 46080K, 0% used [0x0000000782f80000,0x0000000782f80000,0x0000000785c80000)
  from space 5120K, 99% used [0x0000000785c80000,0x0000000786178020,0x0000000786180000)
  to   space 5120K, 0% used [0x0000000786180000,0x0000000786180000,0x0000000786680000)
 ParOldGen       total 75264K, used 74118K [0x0000000708e00000, 0x000000070d780000, 0x0000000782f80000)
  object space 75264K, 98% used [0x0000000708e00000,0x000000070d661b18,0x000000070d780000)
 Metaspace       used 26880K, capacity 27796K, committed 28032K, reserved 1073152K
  class space    used 3756K, capacity 3925K, committed 3968K, reserved 1048576K
}
Event: 10.419 GC heap before
{Heap before GC invocations=7 (full 2):
 PSYoungGen      total 51200K, used 5088K [0x0000000782f80000, 0x0000000786780000, 0x00000007c0000000)
  eden space 46080K, 0% used [0x0000000782f80000,0x0000000782f80000,0x0000000785c80000)
  from space 5120K, 99% used [0x0000000785c80000,0x0000000786178020,0x0000000786180000)
  to   space 5120K, 0% used [0x0000000786180000,0x0000000786180000,0x0000000786680000)
 ParOldGen       total 75264K, used 74118K [0x0000000708e00000, 0x000000070d780000, 0x0000000782f80000)
  object space 75264K, 98% used [0x0000000708e00000,0x000000070d661b18,0x000000070d780000)
 Metaspace       used 26880K, capacity 27796K, committed 28032K, reserved 1073152K
  class space    used 3756K, capacity 3925K, committed 3968K, reserved 1048576K
Event: 10.621 GC heap after
Heap after GC invocations=7 (full 2):
 PSYoungGen      total 51200K, used 0K [0x0000000782f80000, 0x0000000786780000, 0x00000007c0000000)
  eden space 46080K, 0% used [0x0000000782f80000,0x0000000782f80000,0x0000000785c80000)
  from space 5120K, 0% used [0x0000000785c80000,0x0000000785c80000,0x0000000786180000)
  to   space 5120K, 0% used [0x0000000786180000,0x0000000786180000,0x0000000786680000)
 ParOldGen       total 75264K, used 74411K [0x0000000708e00000, 0x000000070d780000, 0x0000000782f80000)
  object space 75264K, 98% used [0x0000000708e00000,0x000000070d6aad48,0x000000070d780000)
 Metaspace       used 26880K, capacity 27796K, committed 28032K, reserved 1073152K
  class space    used 3756K, capacity 3925K, committed 3968K, reserved 1048576K
}

